<?xml version="1.0" encoding="UTF-8"?>
<!-- Generated by org.testng.reporters.JUnitXMLReporter -->
<testsuite ignored="0" hostname="MyAcerSwift" failures="0" tests="8" name="Test" time="44.523" errors="0" timestamp="2023-07-29T22:49:57 BST">
  <testcase classname="testCases.TC001_AccountRegistrationTest" name="test_account_Registration" time="3.459"/>
  <testcase classname="testCases.TC002_LoginTest" name="Test_Login" time="0.799"/>
  <testcase classname="testCases.TC003_LoginDataDrivenTest" name="test_loginDDT" time="0.798"/>
  <testcase classname="testCases.TC003_LoginDataDrivenTest" name="test_loginDDT" time="10.495"/>
  <testcase classname="testCases.TC003_LoginDataDrivenTest" name="test_loginDDT" time="10.524"/>
  <testcase classname="testCases.TC003_LoginDataDrivenTest" name="test_loginDDT" time="10.477"/>
  <testcase classname="testCases.TC003_LoginDataDrivenTest" name="test_loginDDT" time="0.657"/>
  <testcase classname="testCases.TC003_LoginDataDrivenTest" name="test_loginDDT" time="0.686"/>
</testsuite> <!-- Test -->
