<?xml version="1.0" encoding="UTF-8"?>
<!-- Generated by org.testng.reporters.JUnitXMLReporter -->
<testsuite ignored="0" hostname="MyAcerSwift" failures="0" tests="8" name="Test" time="42.902" errors="0" timestamp="2023-07-31T20:36:11 BST">
  <testcase classname="testCases.TC001_AccountRegistrationTest" name="test_account_Registration" time="3.08"/>
  <testcase classname="testCases.TC002_LoginTest" name="Test_Login" time="0.742"/>
  <testcase classname="testCases.TC003_LoginDataDrivenTest" name="test_loginDDT" time="0.721"/>
  <testcase classname="testCases.TC003_LoginDataDrivenTest" name="test_loginDDT" time="10.471"/>
  <testcase classname="testCases.TC003_LoginDataDrivenTest" name="test_loginDDT" time="10.426"/>
  <testcase classname="testCases.TC003_LoginDataDrivenTest" name="test_loginDDT" time="10.447"/>
  <testcase classname="testCases.TC003_LoginDataDrivenTest" name="test_loginDDT" time="0.599"/>
  <testcase classname="testCases.TC003_LoginDataDrivenTest" name="test_loginDDT" time="0.573"/>
</testsuite> <!-- Test -->
