<?xml version="1.0" encoding="UTF-8"?>
<testsuite xmlns:xsi="http://www.w3.org/2001/XMLSchema-instance" xsi:noNamespaceSchemaLocation="https://maven.apache.org/surefire/maven-surefire-plugin/xsd/surefire-test-report-3.0.xsd" version="3.0" name="TestSuite" time="43.723" tests="8" errors="0" skipped="0" failures="0">
  <properties>
[...]
</properties>
  <testcase name="test_account_Registration" classname="testCases.TC001_AccountRegistrationTest" time="3.084">
    <system-err><![CDATA[SLF4J: Failed to load class "org.slf4j.impl.StaticLoggerBinder".
SLF4J: Defaulting to no-operation (NOP) logger implementation
SLF4J: See http://www.slf4j.org/codes.html#StaticLoggerBinder for further details.
Jul 31, 2023 8:35:28 PM org.openqa.selenium.remote.service.DriverService$Builder getLogOutput
INFO: Driver logs no longer sent to console by default; https://www.selenium.dev/documentation/webdriver/drivers/service/#setting-log-output
Jul 31, 2023 8:35:29 PM org.openqa.selenium.devtools.CdpVersionFinder findNearestMatch
WARNING: Unable to find an exact match for CDP version 115, so returning the closest version found: 114
]]></system-err>
  </testcase>
  <testcase name="Test_Login" classname="testCases.TC002_LoginTest" time="0.742">
    <system-err><![CDATA[Jul 31, 2023 8:35:33 PM org.openqa.selenium.remote.service.DriverService$Builder getLogOutput
INFO: Driver logs no longer sent to console by default; https://www.selenium.dev/documentation/webdriver/drivers/service/#setting-log-output
Jul 31, 2023 8:35:33 PM org.openqa.selenium.devtools.CdpVersionFinder findNearestMatch
WARNING: Unable to find an exact match for CDP version 115, so returning the closest version found: 114
]]></system-err>
  </testcase>
  <testcase name="test_loginDDT[satyakardam123@gmail.com, test@123, Valid](1)" classname="testCases.TC003_LoginDataDrivenTest" time="0.722">
    <system-err><![CDATA[Jul 31, 2023 8:35:35 PM org.openqa.selenium.remote.service.DriverService$Builder getLogOutput
INFO: Driver logs no longer sent to console by default; https://www.selenium.dev/documentation/webdriver/drivers/service/#setting-log-output
Jul 31, 2023 8:35:36 PM org.openqa.selenium.devtools.CdpVersionFinder findNearestMatch
WARNING: Unable to find an exact match for CDP version 115, so returning the closest version found: 114
]]></system-err>
  </testcase>
  <testcase name="test_loginDDT[satyakardam1234@gmail.com, Test@1234, Invalid](2)" classname="testCases.TC003_LoginDataDrivenTest" time="10.47"/>
  <testcase name="test_loginDDT[laksh@123@gmail.com, laksh1234, Invalid](3)" classname="testCases.TC003_LoginDataDrivenTest" time="10.426"/>
  <testcase name="test_loginDDT[Laxmi123@gmail.com, Luxmi123, Invalid](4)" classname="testCases.TC003_LoginDataDrivenTest" time="10.447"/>
  <testcase name="test_loginDDT[abc123@gmail.com, Test@123, Valid](5)" classname="testCases.TC003_LoginDataDrivenTest" time="0.599"/>
  <testcase name="test_loginDDT[g.satya0203@gmail.com, test@123, Valid](6)" classname="testCases.TC003_LoginDataDrivenTest" time="0.573"/>
</testsuite>