<?xml version="1.0" encoding="UTF-8"?>
<testng-results ignored="0" total="8" passed="8" failed="0" skipped="0">
  <reporter-output>
  </reporter-output>
  <suite started-at="2023-07-29T22:49:12 BST" name="Suite" finished-at="2023-07-29T22:49:56 BST" duration-ms="44523">
    <groups>
    </groups>
    <test started-at="2023-07-29T22:49:12 BST" name="Test" finished-at="2023-07-29T22:49:56 BST" duration-ms="44523">
      <class name="testCases.TC003_LoginDataDrivenTest">
        <test-method is-config="true" signature="setup(java.lang.String)[pri:0, instance:testCases.TC003_LoginDataDrivenTest@22ff4249]" started-at="2023-07-29T22:49:20 BST" name="setup" finished-at="2023-07-29T22:49:22 BST" duration-ms="1381" status="PASS">
          <params>
            <param index="0">
              <value>
                <![CDATA[chrome]]>
              </value>
            </param>
          </params>
          <reporter-output>
          </reporter-output>
        </test-method> <!-- setup -->
        <test-method signature="test_loginDDT(java.lang.String,java.lang.String,java.lang.String)[pri:0, instance:testCases.TC003_LoginDataDrivenTest@22ff4249]" started-at="2023-07-29T22:49:23 BST" name="test_loginDDT" data-provider="LoginData" finished-at="2023-07-29T22:49:23 BST" duration-ms="798" status="PASS">
          <params>
            <param index="0">
              <value>
                <![CDATA[satyakardam123@gmail.com]]>
              </value>
            </param>
            <param index="1">
              <value>
                <![CDATA[test@123]]>
              </value>
            </param>
            <param index="2">
              <value>
                <![CDATA[Valid]]>
              </value>
            </param>
          </params>
          <reporter-output>
          </reporter-output>
        </test-method> <!-- test_loginDDT -->
        <test-method signature="test_loginDDT(java.lang.String,java.lang.String,java.lang.String)[pri:0, instance:testCases.TC003_LoginDataDrivenTest@22ff4249]" started-at="2023-07-29T22:49:23 BST" name="test_loginDDT" data-provider="LoginData" finished-at="2023-07-29T22:49:34 BST" duration-ms="10495" status="PASS">
          <params>
            <param index="0">
              <value>
                <![CDATA[satyakardam1234@gmail.com]]>
              </value>
            </param>
            <param index="1">
              <value>
                <![CDATA[Test@1234]]>
              </value>
            </param>
            <param index="2">
              <value>
                <![CDATA[Invalid]]>
              </value>
            </param>
          </params>
          <reporter-output>
          </reporter-output>
        </test-method> <!-- test_loginDDT -->
        <test-method signature="test_loginDDT(java.lang.String,java.lang.String,java.lang.String)[pri:0, instance:testCases.TC003_LoginDataDrivenTest@22ff4249]" started-at="2023-07-29T22:49:34 BST" name="test_loginDDT" data-provider="LoginData" finished-at="2023-07-29T22:49:44 BST" duration-ms="10524" status="PASS">
          <params>
            <param index="0">
              <value>
                <![CDATA[laksh@123@gmail.com]]>
              </value>
            </param>
            <param index="1">
              <value>
                <![CDATA[laksh1234]]>
              </value>
            </param>
            <param index="2">
              <value>
                <![CDATA[Invalid]]>
              </value>
            </param>
          </params>
          <reporter-output>
          </reporter-output>
        </test-method> <!-- test_loginDDT -->
        <test-method signature="test_loginDDT(java.lang.String,java.lang.String,java.lang.String)[pri:0, instance:testCases.TC003_LoginDataDrivenTest@22ff4249]" started-at="2023-07-29T22:49:44 BST" name="test_loginDDT" data-provider="LoginData" finished-at="2023-07-29T22:49:55 BST" duration-ms="10477" status="PASS">
          <params>
            <param index="0">
              <value>
                <![CDATA[Laxmi123@gmail.com]]>
              </value>
            </param>
            <param index="1">
              <value>
                <![CDATA[Luxmi123]]>
              </value>
            </param>
            <param index="2">
              <value>
                <![CDATA[Invalid]]>
              </value>
            </param>
          </params>
          <reporter-output>
          </reporter-output>
        </test-method> <!-- test_loginDDT -->
        <test-method signature="test_loginDDT(java.lang.String,java.lang.String,java.lang.String)[pri:0, instance:testCases.TC003_LoginDataDrivenTest@22ff4249]" started-at="2023-07-29T22:49:55 BST" name="test_loginDDT" data-provider="LoginData" finished-at="2023-07-29T22:49:56 BST" duration-ms="657" status="PASS">
          <params>
            <param index="0">
              <value>
                <![CDATA[abc123@gmail.com]]>
              </value>
            </param>
            <param index="1">
              <value>
                <![CDATA[Test@123]]>
              </value>
            </param>
            <param index="2">
              <value>
                <![CDATA[Valid]]>
              </value>
            </param>
          </params>
          <reporter-output>
          </reporter-output>
        </test-method> <!-- test_loginDDT -->
        <test-method signature="test_loginDDT(java.lang.String,java.lang.String,java.lang.String)[pri:0, instance:testCases.TC003_LoginDataDrivenTest@22ff4249]" started-at="2023-07-29T22:49:56 BST" name="test_loginDDT" data-provider="LoginData" finished-at="2023-07-29T22:49:56 BST" duration-ms="686" status="PASS">
          <params>
            <param index="0">
              <value>
                <![CDATA[g.satya0203@gmail.com]]>
              </value>
            </param>
            <param index="1">
              <value>
                <![CDATA[test@123]]>
              </value>
            </param>
            <param index="2">
              <value>
                <![CDATA[Valid]]>
              </value>
            </param>
          </params>
          <reporter-output>
          </reporter-output>
        </test-method> <!-- test_loginDDT -->
        <test-method is-config="true" signature="tearDown()[pri:0, instance:testCases.TC003_LoginDataDrivenTest@22ff4249]" started-at="2023-07-29T22:49:56 BST" name="tearDown" finished-at="2023-07-29T22:49:56 BST" duration-ms="128" status="PASS">
          <reporter-output>
          </reporter-output>
        </test-method> <!-- tearDown -->
      </class> <!-- testCases.TC003_LoginDataDrivenTest -->
      <class name="testCases.TC002_LoginTest">
        <test-method is-config="true" signature="setup(java.lang.String)[pri:0, instance:testCases.TC002_LoginTest@6025e1b6]" started-at="2023-07-29T22:49:18 BST" name="setup" finished-at="2023-07-29T22:49:20 BST" duration-ms="1439" status="PASS">
          <params>
            <param index="0">
              <value>
                <![CDATA[chrome]]>
              </value>
            </param>
          </params>
          <reporter-output>
          </reporter-output>
        </test-method> <!-- setup -->
        <test-method signature="Test_Login()[pri:0, instance:testCases.TC002_LoginTest@6025e1b6]" started-at="2023-07-29T22:49:20 BST" name="Test_Login" finished-at="2023-07-29T22:49:20 BST" duration-ms="799" status="PASS">
          <reporter-output>
          </reporter-output>
        </test-method> <!-- Test_Login -->
        <test-method is-config="true" signature="tearDown()[pri:0, instance:testCases.TC002_LoginTest@6025e1b6]" started-at="2023-07-29T22:49:20 BST" name="tearDown" finished-at="2023-07-29T22:49:20 BST" duration-ms="141" status="PASS">
          <reporter-output>
          </reporter-output>
        </test-method> <!-- tearDown -->
      </class> <!-- testCases.TC002_LoginTest -->
      <class name="testCases.TC001_AccountRegistrationTest">
        <test-method is-config="true" signature="setup(java.lang.String)[pri:0, instance:testCases.TC001_AccountRegistrationTest@45752059]" started-at="2023-07-29T22:49:12 BST" name="setup" finished-at="2023-07-29T22:49:14 BST" duration-ms="2418" status="PASS">
          <params>
            <param index="0">
              <value>
                <![CDATA[chrome]]>
              </value>
            </param>
          </params>
          <reporter-output>
          </reporter-output>
        </test-method> <!-- setup -->
        <test-method signature="test_account_Registration()[pri:0, instance:testCases.TC001_AccountRegistrationTest@45752059]" started-at="2023-07-29T22:49:14 BST" name="test_account_Registration" finished-at="2023-07-29T22:49:18 BST" duration-ms="3459" status="PASS">
          <reporter-output>
          </reporter-output>
        </test-method> <!-- test_account_Registration -->
        <test-method is-config="true" signature="tearDown()[pri:0, instance:testCases.TC001_AccountRegistrationTest@45752059]" started-at="2023-07-29T22:49:18 BST" name="tearDown" finished-at="2023-07-29T22:49:18 BST" duration-ms="165" status="PASS">
          <reporter-output>
          </reporter-output>
        </test-method> <!-- tearDown -->
      </class> <!-- testCases.TC001_AccountRegistrationTest -->
    </test> <!-- Test -->
  </suite> <!-- Suite -->
</testng-results>
